Using TensorFlow backend.
WARNING:tensorflow:From /home/ubuntu/anaconda3/envs/tensorflow_p36/lib/python3.6/site-packages/tensorflow/python/framework/op_def_library.py:263: colocate_with (from tensorflow.python.framework.ops) is deprecated and will be removed in a future version.
Instructions for updating:
Colocations handled automatically by placer.
WARNING:tensorflow:From /home/ubuntu/anaconda3/envs/tensorflow_p36/lib/python3.6/site-packages/keras/backend/tensorflow_backend.py:3445: calling dropout (from tensorflow.python.ops.nn_ops) with keep_prob is deprecated and will be removed in a future version.
Instructions for updating:
Please use `rate` instead of `keep_prob`. Rate should be set to `rate = 1 - keep_prob`.
train_single_stream_model.py:50: UserWarning: Update your `Model` call to the Keras 2 API: `Model(inputs=Tensor("in..., outputs=Tensor("pr...)`
  model = Model(input=rgb_model.input, output=x)
WARNING:tensorflow:From /home/ubuntu/anaconda3/envs/tensorflow_p36/lib/python3.6/site-packages/tensorflow/python/ops/math_ops.py:3066: to_int32 (from tensorflow.python.ops.math_ops) is deprecated and will be removed in a future version.
Instructions for updating:
Use tf.cast instead.
Epoch 1/10

  1/639 [..............................] - ETA: 3:26:15 - loss: 0.6176 - acc: 0.5000
  2/639 [..............................] - ETA: 2:07:51 - loss: 0.7178 - acc: 0.3750
  3/639 [..............................] - ETA: 1:41:37 - loss: 0.7093 - acc: 0.4167
  4/639 [..............................] - ETA: 1:28:22 - loss: 0.6837 - acc: 0.5625
  5/639 [..............................] - ETA: 1:21:31 - loss: 0.6717 - acc: 0.6000
  6/639 [..............................] - ETA: 1:16:41 - loss: 0.7258 - acc: 0.5000
  7/639 [..............................] - ETA: 1:12:34 - loss: 0.6877 - acc: 0.5714
  8/639 [..............................] - ETA: 1:09:29 - loss: 0.6855 - acc: 0.5938
  9/639 [..............................] - ETA: 1:07:06 - loss: 0.6776 - acc: 0.5833
 10/639 [..............................] - ETA: 1:05:14 - loss: 0.6816 - acc: 0.5750
 11/639 [..............................] - ETA: 1:03:48 - loss: 0.7190 - acc: 0.5227
 12/639 [..............................] - ETA: 1:02:28 - loss: 0.6928 - acc: 0.5625
 13/639 [..............................] - ETA: 1:01:18 - loss: 0.6817 - acc: 0.5769
 14/639 [..............................] - ETA: 1:00:19 - loss: 0.6993 - acc: 0.5536
 15/639 [..............................] - ETA: 59:26 - loss: 0.6940 - acc: 0.5667  
 16/639 [..............................] - ETA: 58:41 - loss: 0.6956 - acc: 0.5625
 17/639 [..............................] - ETA: 57:59 - loss: 0.6987 - acc: 0.5441
 18/639 [..............................] - ETA: 57:26 - loss: 0.7085 - acc: 0.5139
 19/639 [..............................] - ETA: 57:00 - loss: 0.7083 - acc: 0.5000
 20/639 [..............................] - ETA: 56:30 - loss: 0.7058 - acc: 0.5000
 21/639 [..............................] - ETA: 56:02 - loss: 0.7041 - acc: 0.5119
 22/639 [>.............................] - ETA: 55:37 - loss: 0.6984 - acc: 0.5341
 23/639 [>.............................] - ETA: 55:13 - loss: 0.6973 - acc: 0.5217
 24/639 [>.............................] - ETA: 54:53 - loss: 0.6963 - acc: 0.5208
 25/639 [>.............................] - ETA: 54:31 - loss: 0.6921 - acc: 0.5300
 26/639 [>.............................] - ETA: 54:13 - loss: 0.7044 - acc: 0.5096
 27/639 [>.............................] - ETA: 53:57 - loss: 0.6968 - acc: 0.5185
 28/639 [>.............................] - ETA: 53:39 - loss: 0.7027 - acc: 0.5089
 29/639 [>.............................] - ETA: 53:22 - loss: 0.7085 - acc: 0.5000
 30/639 [>.............................] - ETA: 53:06 - loss: 0.7058 - acc: 0.5000
 31/639 [>.............................] - ETA: 52:53 - loss: 0.7046 - acc: 0.5000
 32/639 [>.............................] - ETA: 52:39 - loss: 0.7017 - acc: 0.5078
 33/639 [>.............................] - ETA: 52:25 - loss: 0.7048 - acc: 0.5000
 34/639 [>.............................] - ETA: 52:12 - loss: 0.7044 - acc: 0.5000
 35/639 [>.............................] - ETA: 52:01 - loss: 0.7031 - acc: 0.5000
 36/639 [>.............................] - ETA: 51:48 - loss: 0.7016 - acc: 0.5069
 37/639 [>.............................] - ETA: 51:37 - loss: 0.6989 - acc: 0.5203
 38/639 [>.............................] - ETA: 51:27 - loss: 0.6976 - acc: 0.5263
 39/639 [>.............................] - ETA: 51:18 - loss: 0.6983 - acc: 0.5192
 40/639 [>.............................] - ETA: 51:08 - loss: 0.6979 - acc: 0.5188
 41/639 [>.............................] - ETA: 50:57 - loss: 0.6962 - acc: 0.5244
 42/639 [>.............................] - ETA: 50:46 - loss: 0.6939 - acc: 0.5298
 43/639 [=>............................] - ETA: 50:35 - loss: 0.6942 - acc: 0.5291
 44/639 [=>............................] - ETA: 50:25 - loss: 0.6917 - acc: 0.5398
 45/639 [=>............................] - ETA: 50:16 - loss: 0.6888 - acc: 0.5500
 46/639 [=>............................] - ETA: 50:06 - loss: 0.6876 - acc: 0.5543
 47/639 [=>............................] - ETA: 49:57 - loss: 0.6876 - acc: 0.5532
 48/639 [=>............................] - ETA: 49:48 - loss: 0.6855 - acc: 0.5625
 49/639 [=>............................] - ETA: 49:39 - loss: 0.6870 - acc: 0.5561
 50/639 [=>............................] - ETA: 49:31 - loss: 0.6862 - acc: 0.5600
 51/639 [=>............................] - ETA: 49:23 - loss: 0.6842 - acc: 0.5686
 52/639 [=>............................] - ETA: 49:16 - loss: 0.6835 - acc: 0.5721
 53/639 [=>............................] - ETA: 49:08 - loss: 0.6821 - acc: 0.5755
 54/639 [=>............................] - ETA: 49:00 - loss: 0.6807 - acc: 0.5833
 55/639 [=>............................] - ETA: 48:51 - loss: 0.6804 - acc: 0.5818
 56/639 [=>............................] - ETA: 48:43 - loss: 0.6793 - acc: 0.5848
 57/639 [=>............................] - ETA: 48:35 - loss: 0.6781 - acc: 0.5877
 58/639 [=>............................] - ETA: 48:28 - loss: 0.6755 - acc: 0.5905
 59/639 [=>............................] - ETA: 48:21 - loss: 0.6738 - acc: 0.5975
 60/639 [=>............................] - ETA: 48:13 - loss: 0.6723 - acc: 0.6000
 61/639 [=>............................] - ETA: 48:06 - loss: 0.6714 - acc: 0.6025
 62/639 [=>............................] - ETA: 47:59 - loss: 0.6696 - acc: 0.6089
 63/639 [=>............................] - ETA: 47:53 - loss: 0.6684 - acc: 0.6111
 64/639 [==>...........................] - ETA: 47:46 - loss: 0.6677 - acc: 0.6094
 65/639 [==>...........................] - ETA: 47:38 - loss: 0.6679 - acc: 0.6077
 66/639 [==>...........................] - ETA: 47:32 - loss: 0.6676 - acc: 0.6061
 67/639 [==>...........................] - ETA: 47:25 - loss: 0.6645 - acc: 0.6119
 68/639 [==>...........................] - ETA: 47:18 - loss: 0.6616 - acc: 0.6176
 69/639 [==>...........................] - ETA: 47:11 - loss: 0.6598 - acc: 0.6232
 70/639 [==>...........................] - ETA: 47:04 - loss: 0.6618 - acc: 0.6214
 71/639 [==>...........................] - ETA: 46:59 - loss: 0.6614 - acc: 0.6232
 72/639 [==>...........................] - ETA: 46:52 - loss: 0.6590 - acc: 0.6285
 73/639 [==>...........................] - ETA: 46:46 - loss: 0.6615 - acc: 0.6233
 74/639 [==>...........................] - ETA: 46:40 - loss: 0.6610 - acc: 0.6250
 75/639 [==>...........................] - ETA: 46:33 - loss: 0.6585 - acc: 0.6300
 76/639 [==>...........................] - ETA: 46:27 - loss: 0.6570 - acc: 0.6316
 77/639 [==>...........................] - ETA: 46:20 - loss: 0.6568 - acc: 0.6299
 78/639 [==>...........................] - ETA: 46:14 - loss: 0.6561 - acc: 0.6282
 79/639 [==>...........................] - ETA: 46:08 - loss: 0.6555 - acc: 0.6266
 80/639 [==>...........................] - ETA: 46:02 - loss: 0.6567 - acc: 0.6219
 81/639 [==>...........................] - ETA: 45:56 - loss: 0.6564 - acc: 0.6235
 82/639 [==>...........................] - ETA: 45:50 - loss: 0.6557 - acc: 0.6250
 83/639 [==>...........................] - ETA: 45:43 - loss: 0.6552 - acc: 0.6265
 84/639 [==>...........................] - ETA: 45:37 - loss: 0.6546 - acc: 0.6280
 85/639 [==>...........................] - ETA: 45:30 - loss: 0.6554 - acc: 0.6235
 86/639 [===>..........................] - ETA: 45:25 - loss: 0.6543 - acc: 0.6279
 87/639 [===>..........................] - ETA: 45:19 - loss: 0.6546 - acc: 0.6264
 88/639 [===>..........................] - ETA: 45:13 - loss: 0.6552 - acc: 0.6278
 89/639 [===>..........................] - ETA: 45:07 - loss: 0.6536 - acc: 0.6292
 90/639 [===>..........................] - ETA: 45:01 - loss: 0.6531 - acc: 0.6306
 91/639 [===>..........................] - ETA: 44:54 - loss: 0.6540 - acc: 0.6291
 92/639 [===>..........................] - ETA: 44:48 - loss: 0.6544 - acc: 0.6277
 93/639 [===>..........................] - ETA: 44:42 - loss: 0.6521 - acc: 0.6317
 94/639 [===>..........................] - ETA: 44:37 - loss: 0.6514 - acc: 0.6356
 95/639 [===>..........................] - ETA: 44:30 - loss: 0.6511 - acc: 0.6342
 96/639 [===>..........................] - ETA: 44:24 - loss: 0.6508 - acc: 0.6354
 97/639 [===>..........................] - ETA: 44:19 - loss: 0.6494 - acc: 0.6366
 98/639 [===>..........................] - ETA: 44:13 - loss: 0.6483 - acc: 0.6378
 99/639 [===>..........................] - ETA: 44:07 - loss: 0.6482 - acc: 0.6389
100/639 [===>..........................] - ETA: 44:02 - loss: 0.6469 - acc: 0.6425
101/639 [===>..........................] - ETA: 43:56 - loss: 0.6455 - acc: 0.6460
102/639 [===>..........................] - ETA: 43:50 - loss: 0.6481 - acc: 0.6397
103/639 [===>..........................] - ETA: 43:44 - loss: 0.6477 - acc: 0.6408
104/639 [===>..........................] - ETA: 43:39 - loss: 0.6487 - acc: 0.6370
105/639 [===>..........................] - ETA: 43:33 - loss: 0.6482 - acc: 0.6357
106/639 [===>..........................] - ETA: 43:28 - loss: 0.6479 - acc: 0.6368
107/639 [====>.........................] - ETA: 43:22 - loss: 0.6464 - acc: 0.6379
108/639 [====>.........................] - ETA: 43:16 - loss: 0.6459 - acc: 0.6389
109/639 [====>.........................] - ETA: 43:10 - loss: 0.6444 - acc: 0.6422
110/639 [====>.........................] - ETA: 43:05 - loss: 0.6428 - acc: 0.6455
111/639 [====>.........................] - ETA: 42:59 - loss: 0.6428 - acc: 0.6441
112/639 [====>.........................] - ETA: 42:53 - loss: 0.6447 - acc: 0.6406
113/639 [====>.........................] - ETA: 42:48 - loss: 0.6429 - acc: 0.6438
114/639 [====>.........................] - ETA: 42:42 - loss: 0.6447 - acc: 0.6404
115/639 [====>.........................] - ETA: 42:37 - loss: 0.6489 - acc: 0.6348
116/639 [====>.........................] - ETA: 42:32 - loss: 0.6468 - acc: 0.6379
117/639 [====>.........................] - ETA: 42:26 - loss: 0.6499 - acc: 0.6325
118/639 [====>.........................] - ETA: 42:21 - loss: 0.6482 - acc: 0.6356
119/639 [====>.........................] - ETA: 42:15 - loss: 0.6468 - acc: 0.6387
120/639 [====>.........................] - ETA: 42:10 - loss: 0.6468 - acc: 0.6375
121/639 [====>.........................] - ETA: 42:05 - loss: 0.6477 - acc: 0.6343
122/639 [====>.........................] - ETA: 41:59 - loss: 0.6470 - acc: 0.6352
123/639 [====>.........................] - ETA: 41:53 - loss: 0.6460 - acc: 0.6362
124/639 [====>.........................] - ETA: 41:48 - loss: 0.6448 - acc: 0.6371
125/639 [====>.........................] - ETA: 41:43 - loss: 0.6450 - acc: 0.6380
126/639 [====>.........................] - ETA: 41:37 - loss: 0.6458 - acc: 0.6349
127/639 [====>.........................] - ETA: 41:33 - loss: 0.6456 - acc: 0.6358
128/639 [=====>........................] - ETA: 41:27 - loss: 0.6456 - acc: 0.6367
129/639 [=====>........................] - ETA: 41:22 - loss: 0.6449 - acc: 0.6376
130/639 [=====>........................] - ETA: 41:17 - loss: 0.6443 - acc: 0.6365
131/639 [=====>........................] - ETA: 41:11 - loss: 0.6441 - acc: 0.6355
132/639 [=====>........................] - ETA: 41:06 - loss: 0.6434 - acc: 0.6364
133/639 [=====>........................] - ETA: 41:01 - loss: 0.6425 - acc: 0.6391
134/639 [=====>........................] - ETA: 40:56 - loss: 0.6428 - acc: 0.6381
135/639 [=====>........................] - ETA: 40:50 - loss: 0.6438 - acc: 0.6370
136/639 [=====>........................] - ETA: 40:45 - loss: 0.6430 - acc: 0.6379
137/639 [=====>........................] - ETA: 40:40 - loss: 0.6435 - acc: 0.6350
138/639 [=====>........................] - ETA: 40:35 - loss: 0.6425 - acc: 0.6377
139/639 [=====>........................] - ETA: 40:29 - loss: 0.6415 - acc: 0.6385
140/639 [=====>........................] - ETA: 40:24 - loss: 0.6413 - acc: 0.6393
141/639 [=====>........................] - ETA: 40:19 - loss: 0.6403 - acc: 0.6418
142/639 [=====>........................] - ETA: 40:14 - loss: 0.6397 - acc: 0.6444
143/639 [=====>........................] - ETA: 40:08 - loss: 0.6394 - acc: 0.6434
144/639 [=====>........................] - ETA: 40:03 - loss: 0.6391 - acc: 0.6441
145/639 [=====>........................] - ETA: 39:58 - loss: 0.6384 - acc: 0.6448
146/639 [=====>........................] - ETA: 39:52 - loss: 0.6370 - acc: 0.6473
147/639 [=====>........................] - ETA: 39:47 - loss: 0.6377 - acc: 0.6446
148/639 [=====>........................] - ETA: 39:42 - loss: 0.6371 - acc: 0.6453
149/639 [=====>........................] - ETA: 39:37 - loss: 0.6368 - acc: 0.6460
150/639 [======>.......................] - ETA: 39:32 - loss: 0.6371 - acc: 0.6450
151/639 [======>.......................] - ETA: 39:26 - loss: 0.6361 - acc: 0.6457
152/639 [======>.......................] - ETA: 39:21 - loss: 0.6355 - acc: 0.6464
153/639 [======>.......................] - ETA: 39:16 - loss: 0.6339 - acc: 0.6487
154/639 [======>.......................] - ETA: 39:11 - loss: 0.6325 - acc: 0.6510
155/639 [======>.......................] - ETA: 39:06 - loss: 0.6330 - acc: 0.6484
156/639 [======>.......................] - ETA: 39:01 - loss: 0.6327 - acc: 0.6474
157/639 [======>.......................] - ETA: 38:56 - loss: 0.6335 - acc: 0.6449
158/639 [======>.......................] - ETA: 38:51 - loss: 0.6330 - acc: 0.6440
159/639 [======>.......................] - ETA: 38:46 - loss: 0.6330 - acc: 0.6431
160/639 [======>.......................] - ETA: 38:41 - loss: 0.6329 - acc: 0.6438
161/639 [======>.......................] - ETA: 38:36 - loss: 0.6326 - acc: 0.6444
162/639 [======>.......................] - ETA: 38:30 - loss: 0.6316 - acc: 0.6466
163/639 [======>.......................] - ETA: 38:25 - loss: 0.6310 - acc: 0.6472
164/639 [======>.......................] - ETA: 38:20 - loss: 0.6301 - acc: 0.6479
165/639 [======>.......................] - ETA: 38:15 - loss: 0.6292 - acc: 0.6500
166/639 [======>.......................] - ETA: 38:10 - loss: 0.6298 - acc: 0.6476
167/639 [======>.......................] - ETA: 38:05 - loss: 0.6290 - acc: 0.6482
168/639 [======>.......................] - ETA: 38:00 - loss: 0.6282 - acc: 0.6488
169/639 [======>.......................] - ETA: 37:55 - loss: 0.6277 - acc: 0.6494
170/639 [======>.......................] - ETA: 37:50 - loss: 0.6270 - acc: 0.6500
171/639 [=======>......................] - ETA: 37:45 - loss: 0.6267 - acc: 0.6520
172/639 [=======>......................] - ETA: 37:40 - loss: 0.6264 - acc: 0.6526
173/639 [=======>......................] - ETA: 37:35 - loss: 0.6270 - acc: 0.6532
174/639 [=======>......................] - ETA: 37:30 - loss: 0.6267 - acc: 0.6537
175/639 [=======>......................] - ETA: 37:24 - loss: 0.6269 - acc: 0.6529
176/639 [=======>......................] - ETA: 37:19 - loss: 0.6272 - acc: 0.6520
177/639 [=======>......................] - ETA: 37:14 - loss: 0.6273 - acc: 0.6511
178/639 [=======>......................] - ETA: 37:09 - loss: 0.6274 - acc: 0.6517
179/639 [=======>......................] - ETA: 37:04 - loss: 0.6277 - acc: 0.6508
180/639 [=======>......................] - ETA: 36:59 - loss: 0.6274 - acc: 0.6528
181/639 [=======>......................] - ETA: 36:54 - loss: 0.6269 - acc: 0.6533
182/639 [=======>......................] - ETA: 36:49 - loss: 0.6268 - acc: 0.6538
183/639 [=======>......................] - ETA: 36:44 - loss: 0.6268 - acc: 0.6530
184/639 [=======>......................] - ETA: 36:39 - loss: 0.6275 - acc: 0.6522
185/639 [=======>......................] - ETA: 36:34 - loss: 0.6266 - acc: 0.6527
186/639 [=======>......................] - ETA: 36:29 - loss: 0.6250 - acc: 0.6546
187/639 [=======>......................] - ETA: 36:23 - loss: 0.6241 - acc: 0.6564
188/639 [=======>......................] - ETA: 36:18 - loss: 0.6239 - acc: 0.6569
189/639 [=======>......................] - ETA: 36:13 - loss: 0.6231 - acc: 0.6574
190/639 [=======>......................] - ETA: 36:08 - loss: 0.6224 - acc: 0.6566
191/639 [=======>......................] - ETA: 36:03 - loss: 0.6243 - acc: 0.6545
192/639 [========>.....................] - ETA: 35:58 - loss: 0.6233 - acc: 0.6562
193/639 [========>.....................] - ETA: 35:53 - loss: 0.6236 - acc: 0.6554
194/639 [========>.....................] - ETA: 35:48 - loss: 0.6226 - acc: 0.6559
195/639 [========>.....................] - ETA: 35:43 - loss: 0.6228 - acc: 0.6551
196/639 [========>.....................] - ETA: 35:38 - loss: 0.6226 - acc: 0.6556
197/639 [========>.....................] - ETA: 35:33 - loss: 0.6235 - acc: 0.6536
198/639 [========>.....................] - ETA: 35:28 - loss: 0.6233 - acc: 0.6528
199/639 [========>.....................] - ETA: 35:23 - loss: 0.6234 - acc: 0.6520
200/639 [========>.....................] - ETA: 35:18 - loss: 0.6231 - acc: 0.6525
201/639 [========>.....................] - ETA: 35:13 - loss: 0.6226 - acc: 0.6542
202/639 [========>.....................] - ETA: 35:08 - loss: 0.6218 - acc: 0.6559
203/639 [========>.....................] - ETA: 35:03 - loss: 0.6213 - acc: 0.6576
204/639 [========>.....................] - ETA: 34:58 - loss: 0.6202 - acc: 0.6593
205/639 [========>.....................] - ETA: 34:53 - loss: 0.6197 - acc: 0.6598
206/639 [========>.....................] - ETA: 34:48 - loss: 0.6188 - acc: 0.6614
207/639 [========>.....................] - ETA: 34:43 - loss: 0.6181 - acc: 0.6630
208/639 [========>.....................] - ETA: 34:38 - loss: 0.6169 - acc: 0.6647
209/639 [========>.....................] - ETA: 34:33 - loss: 0.6163 - acc: 0.6651
210/639 [========>.....................] - ETA: 34:28 - loss: 0.6169 - acc: 0.6643
211/639 [========>.....................] - ETA: 34:24 - loss: 0.6157 - acc: 0.6659
212/639 [========>.....................] - ETA: 34:18 - loss: 0.6160 - acc: 0.6651
213/639 [=========>....................] - ETA: 34:13 - loss: 0.6176 - acc: 0.6631
214/639 [=========>....................] - ETA: 34:08 - loss: 0.6163 - acc: 0.6647
215/639 [=========>....................] - ETA: 34:03 - loss: 0.6155 - acc: 0.6651
216/639 [=========>....................] - ETA: 33:58 - loss: 0.6168 - acc: 0.6632
217/639 [=========>....................] - ETA: 33:53 - loss: 0.6160 - acc: 0.6636
218/639 [=========>....................] - ETA: 33:48 - loss: 0.6152 - acc: 0.6640
219/639 [=========>....................] - ETA: 33:43 - loss: 0.6158 - acc: 0.6621
220/639 [=========>....................] - ETA: 33:38 - loss: 0.6154 - acc: 0.6625
221/639 [=========>....................] - ETA: 33:34 - loss: 0.6141 - acc: 0.6640
222/639 [=========>....................] - ETA: 33:29 - loss: 0.6134 - acc: 0.6644
223/639 [=========>....................] - ETA: 33:24 - loss: 0.6134 - acc: 0.6637
224/639 [=========>....................] - ETA: 33:19 - loss: 0.6133 - acc: 0.6641
225/639 [=========>....................] - ETA: 33:14 - loss: 0.6130 - acc: 0.6644
226/639 [=========>....................] - ETA: 33:09 - loss: 0.6130 - acc: 0.6648
227/639 [=========>....................] - ETA: 33:04 - loss: 0.6123 - acc: 0.6652
228/639 [=========>....................] - ETA: 32:59 - loss: 0.6114 - acc: 0.6667
229/639 [=========>....................] - ETA: 32:54 - loss: 0.6104 - acc: 0.6681
230/639 [=========>....................] - ETA: 32:49 - loss: 0.6099 - acc: 0.6696
231/639 [=========>....................] - ETA: 32:44 - loss: 0.6095 - acc: 0.6710
232/639 [=========>....................] - ETA: 32:39 - loss: 0.6097 - acc: 0.6713
233/639 [=========>....................] - ETA: 32:34 - loss: 0.6094 - acc: 0.6727
234/639 [=========>....................] - ETA: 32:29 - loss: 0.6090 - acc: 0.6741
235/639 [==========>...................] - ETA: 32:24 - loss: 0.6088 - acc: 0.6755
236/639 [==========>...................] - ETA: 32:19 - loss: 0.6086 - acc: 0.6758
237/639 [==========>...................] - ETA: 32:14 - loss: 0.6080 - acc: 0.6762
238/639 [==========>...................] - ETA: 32:09 - loss: 0.6074 - acc: 0.6765
239/639 [==========>...................] - ETA: 32:04 - loss: 0.6072 - acc: 0.6768
240/639 [==========>...................] - ETA: 31:59 - loss: 0.6071 - acc: 0.6760
241/639 [==========>...................] - ETA: 31:54 - loss: 0.6067 - acc: 0.6774
242/639 [==========>...................] - ETA: 31:49 - loss: 0.6071 - acc: 0.6777
243/639 [==========>...................] - ETA: 31:44 - loss: 0.6062 - acc: 0.6790
244/639 [==========>...................] - ETA: 31:40 - loss: 0.6056 - acc: 0.6803
245/639 [==========>...................] - ETA: 31:35 - loss: 0.6050 - acc: 0.6806
246/639 [==========>...................] - ETA: 31:30 - loss: 0.6051 - acc: 0.6799
247/639 [==========>...................] - ETA: 31:25 - loss: 0.6053 - acc: 0.6791
248/639 [==========>...................] - ETA: 31:20 - loss: 0.6052 - acc: 0.6794
249/639 [==========>...................] - ETA: 31:15 - loss: 0.6043 - acc: 0.6807
250/639 [==========>...................] - ETA: 31:10 - loss: 0.6049 - acc: 0.6790
251/639 [==========>...................] - ETA: 31:05 - loss: 0.6040 - acc: 0.6793
252/639 [==========>...................] - ETA: 31:00 - loss: 0.6036 - acc: 0.6806
253/639 [==========>...................] - ETA: 30:55 - loss: 0.6033 - acc: 0.6808
254/639 [==========>...................] - ETA: 30:50 - loss: 0.6038 - acc: 0.6791
255/639 [==========>...................] - ETA: 30:46 - loss: 0.6041 - acc: 0.6784
256/639 [===========>..................] - ETA: 30:41 - loss: 0.6040 - acc: 0.6787
257/639 [===========>..................] - ETA: 30:36 - loss: 0.6048 - acc: 0.6780
258/639 [===========>..................] - ETA: 30:31 - loss: 0.6048 - acc: 0.6773
259/639 [===========>..................] - ETA: 30:26 - loss: 0.6043 - acc: 0.6776
260/639 [===========>..................] - ETA: 30:21 - loss: 0.6044 - acc: 0.6779
261/639 [===========>..................] - ETA: 30:16 - loss: 0.6041 - acc: 0.6782
262/639 [===========>..................] - ETA: 30:11 - loss: 0.6047 - acc: 0.6775
263/639 [===========>..................] - ETA: 30:06 - loss: 0.6044 - acc: 0.6778
264/639 [===========>..................] - ETA: 30:02 - loss: 0.6056 - acc: 0.6771
265/639 [===========>..................] - ETA: 29:57 - loss: 0.6057 - acc: 0.6764
266/639 [===========>..................] - ETA: 29:52 - loss: 0.6057 - acc: 0.6767
267/639 [===========>..................] - ETA: 29:47 - loss: 0.6049 - acc: 0.6779
268/639 [===========>..................] - ETA: 29:42 - loss: 0.6042 - acc: 0.6791
269/639 [===========>..................] - ETA: 29:37 - loss: 0.6029 - acc: 0.6803
270/639 [===========>..................] - ETA: 29:33 - loss: 0.6034 - acc: 0.6806
271/639 [===========>..................] - ETA: 29:28 - loss: 0.6036 - acc: 0.6799
272/639 [===========>..................] - ETA: 29:23 - loss: 0.6032 - acc: 0.6801
273/639 [===========>..................] - ETA: 29:18 - loss: 0.6026 - acc: 0.6813
274/639 [===========>..................] - ETA: 29:13 - loss: 0.6024 - acc: 0.6816
275/639 [===========>..................] - ETA: 29:08 - loss: 0.6028 - acc: 0.6809
276/639 [===========>..................] - ETA: 29:03 - loss: 0.6024 - acc: 0.6812
277/639 [============>.................] - ETA: 28:58 - loss: 0.6018 - acc: 0.6823
278/639 [============>.................] - ETA: 28:54 - loss: 0.6022 - acc: 0.6808
279/639 [============>.................] - ETA: 28:49 - loss: 0.6022 - acc: 0.6801
280/639 [============>.................] - ETA: 28:44 - loss: 0.6040 - acc: 0.6786
281/639 [============>.................] - ETA: 28:39 - loss: 0.6037 - acc: 0.6788
282/639 [============>.................] - ETA: 28:34 - loss: 0.6048 - acc: 0.6773
283/639 [============>.................] - ETA: 28:29 - loss: 0.6056 - acc: 0.6767
284/639 [============>.................] - ETA: 28:24 - loss: 0.6056 - acc: 0.6769
285/639 [============>.................] - ETA: 28:20 - loss: 0.6058 - acc: 0.6763
286/639 [============>.................] - ETA: 28:15 - loss: 0.6060 - acc: 0.6757
287/639 [============>.................] - ETA: 28:10 - loss: 0.6058 - acc: 0.6751
288/639 [============>.................] - ETA: 28:05 - loss: 0.6059 - acc: 0.6753
289/639 [============>.................] - ETA: 28:00 - loss: 0.6055 - acc: 0.6756
290/639 [============>.................] - ETA: 27:55 - loss: 0.6048 - acc: 0.6759
291/639 [============>.................] - ETA: 27:50 - loss: 0.6042 - acc: 0.6770
292/639 [============>.................] - ETA: 27:45 - loss: 0.6041 - acc: 0.6764
293/639 [============>.................] - ETA: 27:41 - loss: 0.6037 - acc: 0.6766
294/639 [============>.................] - ETA: 27:36 - loss: 0.6033 - acc: 0.6769
295/639 [============>.................] - ETA: 27:31 - loss: 0.6030 - acc: 0.6780
296/639 [============>.................] - ETA: 27:26 - loss: 0.6027 - acc: 0.6782
297/639 [============>.................] - ETA: 27:21 - loss: 0.6020 - acc: 0.6793
298/639 [============>.................] - ETA: 27:16 - loss: 0.6022 - acc: 0.6787
299/639 [=============>................] - ETA: 27:11 - loss: 0.6017 - acc: 0.6798
300/639 [=============>................] - ETA: 27:06 - loss: 0.6018 - acc: 0.6792
301/639 [=============>................] - ETA: 27:02 - loss: 0.6017 - acc: 0.6794
302/639 [=============>................] - ETA: 26:57 - loss: 0.6010 - acc: 0.6805
303/639 [=============>................] - ETA: 26:52 - loss: 0.6011 - acc: 0.6807
304/639 [=============>................] - ETA: 26:47 - loss: 0.6012 - acc: 0.6801
305/639 [=============>................] - ETA: 26:42 - loss: 0.6010 - acc: 0.6803
306/639 [=============>................] - ETA: 26:37 - loss: 0.6009 - acc: 0.6806
307/639 [=============>................] - ETA: 26:32 - loss: 0.6003 - acc: 0.6808
308/639 [=============>................] - ETA: 26:27 - loss: 0.6005 - acc: 0.6802
309/639 [=============>................] - ETA: 26:23 - loss: 0.6004 - acc: 0.6804
310/639 [=============>................] - ETA: 26:18 - loss: 0.6002 - acc: 0.6815
311/639 [=============>................] - ETA: 26:13 - loss: 0.5998 - acc: 0.6817
312/639 [=============>................] - ETA: 26:08 - loss: 0.6000 - acc: 0.6811
313/639 [=============>................] - ETA: 26:03 - loss: 0.6006 - acc: 0.6805
314/639 [=============>................] - ETA: 25:58 - loss: 0.6004 - acc: 0.6807
315/639 [=============>................] - ETA: 25:53 - loss: 0.6000 - acc: 0.6817
316/639 [=============>................] - ETA: 25:49 - loss: 0.5993 - acc: 0.6828
317/639 [=============>................] - ETA: 25:44 - loss: 0.5990 - acc: 0.6830
318/639 [=============>................] - ETA: 25:39 - loss: 0.5990 - acc: 0.6824
319/639 [=============>................] - ETA: 25:34 - loss: 0.5991 - acc: 0.6818
320/639 [==============>...............] - ETA: 25:29 - loss: 0.5990 - acc: 0.6820
321/639 [==============>...............] - ETA: 25:24 - loss: 0.5989 - acc: 0.6830
322/639 [==============>...............] - ETA: 25:20 - loss: 0.5987 - acc: 0.6832
323/639 [==============>...............] - ETA: 25:15 - loss: 0.5983 - acc: 0.6834
324/639 [==============>...............] - ETA: 25:10 - loss: 0.5989 - acc: 0.6821
325/639 [==============>...............] - ETA: 25:05 - loss: 0.5990 - acc: 0.6815
326/639 [==============>...............] - ETA: 25:00 - loss: 0.5983 - acc: 0.6825
327/639 [==============>...............] - ETA: 24:55 - loss: 0.5978 - acc: 0.6827
328/639 [==============>...............] - ETA: 24:51 - loss: 0.5985 - acc: 0.6822
329/639 [==============>...............] - ETA: 24:46 - loss: 0.5984 - acc: 0.6824
330/639 [==============>...............] - ETA: 24:41 - loss: 0.5987 - acc: 0.6811
331/639 [==============>...............] - ETA: 24:36 - loss: 0.5986 - acc: 0.6813
332/639 [==============>...............] - ETA: 24:31 - loss: 0.5989 - acc: 0.6807
333/639 [==============>...............] - ETA: 24:26 - loss: 0.5995 - acc: 0.6802
334/639 [==============>...............] - ETA: 24:21 - loss: 0.5988 - acc: 0.6811
335/639 [==============>...............] - ETA: 24:17 - loss: 0.5986 - acc: 0.6813
336/639 [==============>...............] - ETA: 24:12 - loss: 0.5977 - acc: 0.6823
337/639 [==============>...............] - ETA: 24:07 - loss: 0.5979 - acc: 0.6818
338/639 [==============>...............] - ETA: 24:02 - loss: 0.5975 - acc: 0.6820
339/639 [==============>...............] - ETA: 23:57 - loss: 0.5971 - acc: 0.6822
340/639 [==============>...............] - ETA: 23:53 - loss: 0.5973 - acc: 0.6824
341/639 [===============>..............] - ETA: 23:48 - loss: 0.5969 - acc: 0.6833
342/639 [===============>..............] - ETA: 23:43 - loss: 0.5962 - acc: 0.6842
343/639 [===============>..............] - ETA: 23:38 - loss: 0.5957 - acc: 0.6851
344/639 [===============>..............] - ETA: 23:33 - loss: 0.5956 - acc: 0.6846
345/639 [===============>..............] - ETA: 23:28 - loss: 0.5951 - acc: 0.6848
346/639 [===============>..............] - ETA: 23:24 - loss: 0.5940 - acc: 0.6857
347/639 [===============>..............] - ETA: 23:19 - loss: 0.5938 - acc: 0.6852
348/639 [===============>..............] - ETA: 23:14 - loss: 0.5941 - acc: 0.6846
349/639 [===============>..............] - ETA: 23:09 - loss: 0.5940 - acc: 0.6841
350/639 [===============>..............] - ETA: 23:04 - loss: 0.5936 - acc: 0.6843
351/639 [===============>..............] - ETA: 22:59 - loss: 0.5933 - acc: 0.6845
352/639 [===============>..............] - ETA: 22:55 - loss: 0.5929 - acc: 0.6847
353/639 [===============>..............] - ETA: 22:50 - loss: 0.5923 - acc: 0.6856
354/639 [===============>..............] - ETA: 22:45 - loss: 0.5915 - acc: 0.6864
355/639 [===============>..............] - ETA: 22:40 - loss: 0.5908 - acc: 0.6873
356/639 [===============>..............] - ETA: 22:35 - loss: 0.5907 - acc: 0.6868
357/639 [===============>..............] - ETA: 22:31 - loss: 0.5921 - acc: 0.6849
358/639 [===============>..............] - ETA: 22:26 - loss: 0.5914 - acc: 0.6858
359/639 [===============>..............] - ETA: 22:21 - loss: 0.5922 - acc: 0.6838
360/639 [===============>..............] - ETA: 22:16 - loss: 0.5917 - acc: 0.6840
361/639 [===============>..............] - ETA: 22:11 - loss: 0.5914 - acc: 0.6842
362/639 [===============>..............] - ETA: 22:06 - loss: 0.5918 - acc: 0.6830
363/639 [================>.............] - ETA: 22:02 - loss: 0.5917 - acc: 0.6825
364/639 [================>.............] - ETA: 21:57 - loss: 0.5909 - acc: 0.6834
365/639 [================>.............] - ETA: 21:52 - loss: 0.5910 - acc: 0.6836
366/639 [================>.............] - ETA: 21:47 - loss: 0.5903 - acc: 0.6844
367/639 [================>.............] - ETA: 21:43 - loss: 0.5897 - acc: 0.6853
368/639 [================>.............] - ETA: 21:38 - loss: 0.5892 - acc: 0.6861
369/639 [================>.............] - ETA: 21:33 - loss: 0.5894 - acc: 0.6856
370/639 [================>.............] - ETA: 21:28 - loss: 0.5910 - acc: 0.6845
371/639 [================>.............] - ETA: 21:23 - loss: 0.5903 - acc: 0.6853
372/639 [================>.............] - ETA: 21:19 - loss: 0.5899 - acc: 0.6855
373/639 [================>.............] - ETA: 21:14 - loss: 0.5891 - acc: 0.6863
374/639 [================>.............] - ETA: 21:09 - loss: 0.5895 - acc: 0.6865
375/639 [================>.............] - ETA: 21:04 - loss: 0.5900 - acc: 0.6860
376/639 [================>.............] - ETA: 20:59 - loss: 0.5893 - acc: 0.6868
377/639 [================>.............] - ETA: 20:55 - loss: 0.5891 - acc: 0.6870
378/639 [================>.............] - ETA: 20:50 - loss: 0.5893 - acc: 0.6865
379/639 [================>.............] - ETA: 20:45 - loss: 0.5889 - acc: 0.6867
380/639 [================>.............] - ETA: 20:40 - loss: 0.5891 - acc: 0.6862
381/639 [================>.............] - ETA: 20:35 - loss: 0.5889 - acc: 0.6864
382/639 [================>.............] - ETA: 20:31 - loss: 0.5883 - acc: 0.6872
383/639 [================>.............] - ETA: 20:26 - loss: 0.5885 - acc: 0.6867
384/639 [=================>............] - ETA: 20:21 - loss: 0.5876 - acc: 0.6875
385/639 [=================>............] - ETA: 20:16 - loss: 0.5871 - acc: 0.6883
386/639 [=================>............] - ETA: 20:11 - loss: 0.5867 - acc: 0.6891
387/639 [=================>............] - ETA: 20:06 - loss: 0.5870 - acc: 0.6886
388/639 [=================>............] - ETA: 20:02 - loss: 0.5862 - acc: 0.6894
389/639 [=================>............] - ETA: 19:57 - loss: 0.5867 - acc: 0.6889
390/639 [=================>............] - ETA: 19:52 - loss: 0.5863 - acc: 0.6897
391/639 [=================>............] - ETA: 19:47 - loss: 0.5858 - acc: 0.6899
392/639 [=================>............] - ETA: 19:42 - loss: 0.5856 - acc: 0.6901
393/639 [=================>............] - ETA: 19:38 - loss: 0.5856 - acc: 0.6908
394/639 [=================>............] - ETA: 19:33 - loss: 0.5854 - acc: 0.6910
395/639 [=================>............] - ETA: 19:28 - loss: 0.5848 - acc: 0.6918
396/639 [=================>............] - ETA: 19:23 - loss: 0.5844 - acc: 0.6926
397/639 [=================>............] - ETA: 19:18 - loss: 0.5839 - acc: 0.6933
398/639 [=================>............] - ETA: 19:13 - loss: 0.5836 - acc: 0.6935
399/639 [=================>............] - ETA: 19:09 - loss: 0.5836 - acc: 0.6936
400/639 [=================>............] - ETA: 19:04 - loss: 0.5833 - acc: 0.6944
401/639 [=================>............] - ETA: 18:59 - loss: 0.5831 - acc: 0.6951
402/639 [=================>............] - ETA: 18:54 - loss: 0.5827 - acc: 0.6953
403/639 [=================>............] - ETA: 18:49 - loss: 0.5823 - acc: 0.6960
404/639 [=================>............] - ETA: 18:45 - loss: 0.5817 - acc: 0.6968
405/639 [==================>...........] - ETA: 18:40 - loss: 0.5811 - acc: 0.6969
406/639 [==================>...........] - ETA: 18:35 - loss: 0.5812 - acc: 0.6970
407/639 [==================>...........] - ETA: 18:30 - loss: 0.5810 - acc: 0.6972
408/639 [==================>...........] - ETA: 18:25 - loss: 0.5814 - acc: 0.6967
409/639 [==================>...........] - ETA: 18:21 - loss: 0.5814 - acc: 0.6968
410/639 [==================>...........] - ETA: 18:16 - loss: 0.5808 - acc: 0.6976
411/639 [==================>...........] - ETA: 18:11 - loss: 0.5808 - acc: 0.6971
412/639 [==================>...........] - ETA: 18:06 - loss: 0.5806 - acc: 0.6978
413/639 [==================>...........] - ETA: 18:01 - loss: 0.5805 - acc: 0.6979
414/639 [==================>...........] - ETA: 17:57 - loss: 0.5801 - acc: 0.6981
415/639 [==================>...........] - ETA: 17:52 - loss: 0.5793 - acc: 0.6988
416/639 [==================>...........] - ETA: 17:47 - loss: 0.5787 - acc: 0.6995
417/639 [==================>...........] - ETA: 17:42 - loss: 0.5786 - acc: 0.6996
418/639 [==================>...........] - ETA: 17:37 - loss: 0.5785 - acc: 0.7004
419/639 [==================>...........] - ETA: 17:32 - loss: 0.5789 - acc: 0.6999
420/639 [==================>...........] - ETA: 17:28 - loss: 0.5790 - acc: 0.6994
421/639 [==================>...........] - ETA: 17:23 - loss: 0.5783 - acc: 0.7001
422/639 [==================>...........] - ETA: 17:18 - loss: 0.5778 - acc: 0.7002
423/639 [==================>...........] - ETA: 17:13 - loss: 0.5772 - acc: 0.7009
424/639 [==================>...........] - ETA: 17:08 - loss: 0.5767 - acc: 0.7011
425/639 [==================>...........] - ETA: 17:04 - loss: 0.5763 - acc: 0.7018
426/639 [===================>..........] - ETA: 16:59 - loss: 0.5761 - acc: 0.7019
427/639 [===================>..........] - ETA: 16:54 - loss: 0.5757 - acc: 0.7026
428/639 [===================>..........] - ETA: 16:49 - loss: 0.5751 - acc: 0.7033
429/639 [===================>..........] - ETA: 16:44 - loss: 0.5757 - acc: 0.7028
430/639 [===================>..........] - ETA: 16:40 - loss: 0.5758 - acc: 0.7029
431/639 [===================>..........] - ETA: 16:35 - loss: 0.5758 - acc: 0.7024
432/639 [===================>..........] - ETA: 16:30 - loss: 0.5755 - acc: 0.7025
433/639 [===================>..........] - ETA: 16:25 - loss: 0.5752 - acc: 0.7027
434/639 [===================>..........] - ETA: 16:20 - loss: 0.5757 - acc: 0.7022
435/639 [===================>..........] - ETA: 16:16 - loss: 0.5750 - acc: 0.7029
436/639 [===================>..........] - ETA: 16:11 - loss: 0.5746 - acc: 0.7036
437/639 [===================>..........] - ETA: 16:06 - loss: 0.5745 - acc: 0.7037
438/639 [===================>..........] - ETA: 16:01 - loss: 0.5744 - acc: 0.7038
439/639 [===================>..........] - ETA: 15:56 - loss: 0.5738 - acc: 0.7044
440/639 [===================>..........] - ETA: 15:52 - loss: 0.5736 - acc: 0.7045
441/639 [===================>..........] - ETA: 15:47 - loss: 0.5733 - acc: 0.7046
442/639 [===================>..........] - ETA: 15:42 - loss: 0.5733 - acc: 0.7048
443/639 [===================>..........] - ETA: 15:37 - loss: 0.5733 - acc: 0.7049
444/639 [===================>..........] - ETA: 15:33 - loss: 0.5733 - acc: 0.7050
445/639 [===================>..........] - ETA: 15:28 - loss: 0.5729 - acc: 0.7056
446/639 [===================>..........] - ETA: 15:23 - loss: 0.5723 - acc: 0.7063
447/639 [===================>..........] - ETA: 15:18 - loss: 0.5721 - acc: 0.7069
448/639 [====================>.........] - ETA: 15:13 - loss: 0.5718 - acc: 0.7076
449/639 [====================>.........] - ETA: 15:08 - loss: 0.5713 - acc: 0.7077
450/639 [====================>.........] - ETA: 15:04 - loss: 0.5710 - acc: 0.7078
451/639 [====================>.........] - ETA: 14:59 - loss: 0.5709 - acc: 0.7079
452/639 [====================>.........] - ETA: 14:54 - loss: 0.5705 - acc: 0.7080
453/639 [====================>.........] - ETA: 14:49 - loss: 0.5700 - acc: 0.7081
454/639 [====================>.........] - ETA: 14:45 - loss: 0.5700 - acc: 0.7081
455/639 [====================>.........] - ETA: 14:40 - loss: 0.5694 - acc: 0.7088
456/639 [====================>.........] - ETA: 14:35 - loss: 0.5701 - acc: 0.7078
457/639 [====================>.........] - ETA: 14:30 - loss: 0.5697 - acc: 0.7084
458/639 [====================>.........] - ETA: 14:25 - loss: 0.5695 - acc: 0.7085
459/639 [====================>.........] - ETA: 14:21 - loss: 0.5691 - acc: 0.7092
460/639 [====================>.........] - ETA: 14:16 - loss: 0.5695 - acc: 0.7087
461/639 [====================>.........] - ETA: 14:11 - loss: 0.5688 - acc: 0.7093
462/639 [====================>.........] - ETA: 14:06 - loss: 0.5691 - acc: 0.7094
463/639 [====================>.........] - ETA: 14:01 - loss: 0.5689 - acc: 0.7095
464/639 [====================>.........] - ETA: 13:57 - loss: 0.5689 - acc: 0.7091
465/639 [====================>.........] - ETA: 13:52 - loss: 0.5692 - acc: 0.7086
466/639 [====================>.........] - ETA: 13:47 - loss: 0.5687 - acc: 0.7087
467/639 [====================>.........] - ETA: 13:42 - loss: 0.5683 - acc: 0.7088
468/639 [====================>.........] - ETA: 13:37 - loss: 0.5685 - acc: 0.7083
469/639 [=====================>........] - ETA: 13:33 - loss: 0.5687 - acc: 0.7079
470/639 [=====================>........] - ETA: 13:28 - loss: 0.5685 - acc: 0.7080
471/639 [=====================>........] - ETA: 13:23 - loss: 0.5686 - acc: 0.7075
472/639 [=====================>........] - ETA: 13:18 - loss: 0.5698 - acc: 0.7071
473/639 [=====================>........] - ETA: 13:13 - loss: 0.5697 - acc: 0.7067
474/639 [=====================>........] - ETA: 13:09 - loss: 0.5691 - acc: 0.7068
475/639 [=====================>........] - ETA: 13:04 - loss: 0.5688 - acc: 0.7068
476/639 [=====================>........] - ETA: 12:59 - loss: 0.5687 - acc: 0.7069
477/639 [=====================>........] - ETA: 12:54 - loss: 0.5683 - acc: 0.7075
478/639 [=====================>........] - ETA: 12:49 - loss: 0.5685 - acc: 0.7071
479/639 [=====================>........] - ETA: 12:45 - loss: 0.5679 - acc: 0.7077
480/639 [=====================>........] - ETA: 12:40 - loss: 0.5676 - acc: 0.7083
481/639 [=====================>........] - ETA: 12:35 - loss: 0.5671 - acc: 0.7089
482/639 [=====================>........] - ETA: 12:30 - loss: 0.5667 - acc: 0.7095
483/639 [=====================>........] - ETA: 12:25 - loss: 0.5662 - acc: 0.7101
484/639 [=====================>........] - ETA: 12:21 - loss: 0.5662 - acc: 0.7102
485/639 [=====================>........] - ETA: 12:16 - loss: 0.5664 - acc: 0.7103
486/639 [=====================>........] - ETA: 12:11 - loss: 0.5664 - acc: 0.7104
487/639 [=====================>........] - ETA: 12:06 - loss: 0.5658 - acc: 0.7110
488/639 [=====================>........] - ETA: 12:02 - loss: 0.5665 - acc: 0.7100
489/639 [=====================>........] - ETA: 11:57 - loss: 0.5668 - acc: 0.7101
490/639 [======================>.......] - ETA: 11:52 - loss: 0.5670 - acc: 0.7097
491/639 [======================>.......] - ETA: 11:47 - loss: 0.5672 - acc: 0.7098
492/639 [======================>.......] - ETA: 11:42 - loss: 0.5673 - acc: 0.7099
493/639 [======================>.......] - ETA: 11:38 - loss: 0.5670 - acc: 0.7099
494/639 [======================>.......] - ETA: 11:33 - loss: 0.5663 - acc: 0.7105
495/639 [======================>.......] - ETA: 11:28 - loss: 0.5659 - acc: 0.7111
496/639 [======================>.......] - ETA: 11:23 - loss: 0.5656 - acc: 0.7117
497/639 [======================>.......] - ETA: 11:19 - loss: 0.5651 - acc: 0.7123
498/639 [======================>.......] - ETA: 11:14 - loss: 0.5649 - acc: 0.7123
499/639 [======================>.......] - ETA: 11:09 - loss: 0.5653 - acc: 0.7119
500/639 [======================>.......] - ETA: 11:04 - loss: 0.5653 - acc: 0.7120
501/639 [======================>.......] - ETA: 10:59 - loss: 0.5647 - acc: 0.7126
502/639 [======================>.......] - ETA: 10:55 - loss: 0.5643 - acc: 0.7126
503/639 [======================>.......] - ETA: 10:50 - loss: 0.5652 - acc: 0.7117
504/639 [======================>.......] - ETA: 10:45 - loss: 0.5660 - acc: 0.7113
505/639 [======================>.......] - ETA: 10:40 - loss: 0.5657 - acc: 0.7119
506/639 [======================>.......] - ETA: 10:35 - loss: 0.5652 - acc: 0.7125
507/639 [======================>.......] - ETA: 10:31 - loss: 0.5651 - acc: 0.7125
508/639 [======================>.......] - ETA: 10:26 - loss: 0.5647 - acc: 0.7131
509/639 [======================>.......] - ETA: 10:21 - loss: 0.5646 - acc: 0.7132
510/639 [======================>.......] - ETA: 10:16 - loss: 0.5647 - acc: 0.7127
511/639 [======================>.......] - ETA: 10:11 - loss: 0.5648 - acc: 0.7128
512/639 [=======================>......] - ETA: 10:07 - loss: 0.5643 - acc: 0.7134
513/639 [=======================>......] - ETA: 10:02 - loss: 0.5645 - acc: 0.7135
514/639 [=======================>......] - ETA: 9:57 - loss: 0.5648 - acc: 0.7135 
515/639 [=======================>......] - ETA: 9:52 - loss: 0.5647 - acc: 0.7136
516/639 [=======================>......] - ETA: 9:48 - loss: 0.5649 - acc: 0.7132
517/639 [=======================>......] - ETA: 9:43 - loss: 0.5648 - acc: 0.7132
518/639 [=======================>......] - ETA: 9:38 - loss: 0.5644 - acc: 0.7138
519/639 [=======================>......] - ETA: 9:33 - loss: 0.5641 - acc: 0.7144
520/639 [=======================>......] - ETA: 9:28 - loss: 0.5638 - acc: 0.7144
521/639 [=======================>......] - ETA: 9:24 - loss: 0.5638 - acc: 0.7145
522/639 [=======================>......] - ETA: 9:19 - loss: 0.5640 - acc: 0.7141
523/639 [=======================>......] - ETA: 9:14 - loss: 0.5645 - acc: 0.7132
524/639 [=======================>......] - ETA: 9:09 - loss: 0.5641 - acc: 0.7137
525/639 [=======================>......] - ETA: 9:04 - loss: 0.5637 - acc: 0.7143
526/639 [=======================>......] - ETA: 9:00 - loss: 0.5638 - acc: 0.7144
527/639 [=======================>......] - ETA: 8:55 - loss: 0.5630 - acc: 0.7149
528/639 [=======================>......] - ETA: 8:50 - loss: 0.5627 - acc: 0.7154
529/639 [=======================>......] - ETA: 8:45 - loss: 0.5629 - acc: 0.7150
530/639 [=======================>......] - ETA: 8:40 - loss: 0.5628 - acc: 0.7156
531/639 [=======================>......] - ETA: 8:36 - loss: 0.5624 - acc: 0.7161
532/639 [=======================>......] - ETA: 8:31 - loss: 0.5624 - acc: 0.7157
533/639 [========================>.....] - ETA: 8:26 - loss: 0.5622 - acc: 0.7162
534/639 [========================>.....] - ETA: 8:21 - loss: 0.5621 - acc: 0.7168
535/639 [========================>.....] - ETA: 8:17 - loss: 0.5614 - acc: 0.7173
536/639 [========================>.....] - ETA: 8:12 - loss: 0.5611 - acc: 0.7178
537/639 [========================>.....] - ETA: 8:07 - loss: 0.5605 - acc: 0.7183
538/639 [========================>.....] - ETA: 8:02 - loss: 0.5600 - acc: 0.7189
539/639 [========================>.....] - ETA: 7:57 - loss: 0.5596 - acc: 0.7194
540/639 [========================>.....] - ETA: 7:53 - loss: 0.5591 - acc: 0.7199
541/639 [========================>.....] - ETA: 7:48 - loss: 0.5592 - acc: 0.7195
542/639 [========================>.....] - ETA: 7:43 - loss: 0.5594 - acc: 0.7186
543/639 [========================>.....] - ETA: 7:38 - loss: 0.5591 - acc: 0.7187
544/639 [========================>.....] - ETA: 7:33 - loss: 0.5586 - acc: 0.7192
545/639 [========================>.....] - ETA: 7:29 - loss: 0.5587 - acc: 0.7193
546/639 [========================>.....] - ETA: 7:24 - loss: 0.5581 - acc: 0.7198
547/639 [========================>.....] - ETA: 7:19 - loss: 0.5577 - acc: 0.7198
548/639 [========================>.....] - ETA: 7:14 - loss: 0.5575 - acc: 0.7203
549/639 [========================>.....] - ETA: 7:10 - loss: 0.5571 - acc: 0.7209
550/639 [========================>.....] - ETA: 7:05 - loss: 0.5568 - acc: 0.7209
551/639 [========================>.....] - ETA: 7:00 - loss: 0.5567 - acc: 0.7210
552/639 [========================>.....] - ETA: 6:55 - loss: 0.5571 - acc: 0.7206
553/639 [========================>.....] - ETA: 6:50 - loss: 0.5571 - acc: 0.7202
554/639 [=========================>....] - ETA: 6:46 - loss: 0.5571 - acc: 0.7202
555/639 [=========================>....] - ETA: 6:41 - loss: 0.5571 - acc: 0.7203
556/639 [=========================>....] - ETA: 6:36 - loss: 0.5572 - acc: 0.7199
557/639 [=========================>....] - ETA: 6:31 - loss: 0.5571 - acc: 0.7199
558/639 [=========================>....] - ETA: 6:27 - loss: 0.5569 - acc: 0.7204
559/639 [=========================>....] - ETA: 6:22 - loss: 0.5564 - acc: 0.7209
560/639 [=========================>....] - ETA: 6:17 - loss: 0.5561 - acc: 0.7214
561/639 [=========================>....] - ETA: 6:12 - loss: 0.5559 - acc: 0.7215
562/639 [=========================>....] - ETA: 6:07 - loss: 0.5554 - acc: 0.7220
563/639 [=========================>....] - ETA: 6:03 - loss: 0.5557 - acc: 0.7216
564/639 [=========================>....] - ETA: 5:58 - loss: 0.5553 - acc: 0.7221
565/639 [=========================>....] - ETA: 5:53 - loss: 0.5548 - acc: 0.7226
566/639 [=========================>....] - ETA: 5:48 - loss: 0.5545 - acc: 0.7231
567/639 [=========================>....] - ETA: 5:43 - loss: 0.5543 - acc: 0.7231
568/639 [=========================>....] - ETA: 5:39 - loss: 0.5541 - acc: 0.7232
569/639 [=========================>....] - ETA: 5:34 - loss: 0.5539 - acc: 0.7232
570/639 [=========================>....] - ETA: 5:29 - loss: 0.5535 - acc: 0.7237
571/639 [=========================>....] - ETA: 5:24 - loss: 0.5530 - acc: 0.7242
572/639 [=========================>....] - ETA: 5:20 - loss: 0.5528 - acc: 0.7247
573/639 [=========================>....] - ETA: 5:15 - loss: 0.5525 - acc: 0.7251
574/639 [=========================>....] - ETA: 5:10 - loss: 0.5520 - acc: 0.7256
575/639 [=========================>....] - ETA: 5:05 - loss: 0.5517 - acc: 0.7261
576/639 [==========================>...] - ETA: 5:00 - loss: 0.5520 - acc: 0.7257
577/639 [==========================>...] - ETA: 4:56 - loss: 0.5519 - acc: 0.7257
578/639 [==========================>...] - ETA: 4:51 - loss: 0.5524 - acc: 0.7253
579/639 [==========================>...] - ETA: 4:46 - loss: 0.5521 - acc: 0.7254
580/639 [==========================>...] - ETA: 4:41 - loss: 0.5519 - acc: 0.7254
581/639 [==========================>...] - ETA: 4:37 - loss: 0.5515 - acc: 0.7259
582/639 [==========================>...] - ETA: 4:32 - loss: 0.5514 - acc: 0.7259
583/639 [==========================>...] - ETA: 4:27 - loss: 0.5524 - acc: 0.7256
584/639 [==========================>...] - ETA: 4:22 - loss: 0.5525 - acc: 0.7252
585/639 [==========================>...] - ETA: 4:17 - loss: 0.5528 - acc: 0.7252
586/639 [==========================>...] - ETA: 4:13 - loss: 0.5529 - acc: 0.7253
587/639 [==========================>...] - ETA: 4:08 - loss: 0.5529 - acc: 0.7249
588/639 [==========================>...] - ETA: 4:03 - loss: 0.5531 - acc: 0.7249
589/639 [==========================>...] - ETA: 3:58 - loss: 0.5526 - acc: 0.7254
590/639 [==========================>...] - ETA: 3:54 - loss: 0.5527 - acc: 0.7250
591/639 [==========================>...] - ETA: 3:49 - loss: 0.5527 - acc: 0.7250
592/639 [==========================>...] - ETA: 3:44 - loss: 0.5527 - acc: 0.7251
593/639 [==========================>...] - ETA: 3:39 - loss: 0.5524 - acc: 0.7255
594/639 [==========================>...] - ETA: 3:34 - loss: 0.5521 - acc: 0.7260
595/639 [==========================>...] - ETA: 3:30 - loss: 0.5519 - acc: 0.7265
596/639 [==========================>...] - ETA: 3:25 - loss: 0.5514 - acc: 0.7269
597/639 [===========================>..] - ETA: 3:20 - loss: 0.5516 - acc: 0.7270
598/639 [===========================>..] - ETA: 3:15 - loss: 0.5512 - acc: 0.7274
599/639 [===========================>..] - ETA: 3:11 - loss: 0.5509 - acc: 0.7279
600/639 [===========================>..] - ETA: 3:06 - loss: 0.5512 - acc: 0.7271
601/639 [===========================>..] - ETA: 3:01 - loss: 0.5511 - acc: 0.7271
602/639 [===========================>..] - ETA: 2:56 - loss: 0.5511 - acc: 0.7272
603/639 [===========================>..] - ETA: 2:51 - loss: 0.5507 - acc: 0.7276
604/639 [===========================>..] - ETA: 2:47 - loss: 0.5508 - acc: 0.7276
605/639 [===========================>..] - ETA: 2:42 - loss: 0.5507 - acc: 0.7277
606/639 [===========================>..] - ETA: 2:37 - loss: 0.5502 - acc: 0.7281
607/639 [===========================>..] - ETA: 2:32 - loss: 0.5498 - acc: 0.7286
608/639 [===========================>..] - ETA: 2:28 - loss: 0.5495 - acc: 0.7290
609/639 [===========================>..] - ETA: 2:23 - loss: 0.5497 - acc: 0.7282
610/639 [===========================>..] - ETA: 2:18 - loss: 0.5496 - acc: 0.7279
611/639 [===========================>..] - ETA: 2:13 - loss: 0.5491 - acc: 0.7283
612/639 [===========================>..] - ETA: 2:08 - loss: 0.5485 - acc: 0.7288
613/639 [===========================>..] - ETA: 2:04 - loss: 0.5484 - acc: 0.7288
614/639 [===========================>..] - ETA: 1:59 - loss: 0.5483 - acc: 0.7288
615/639 [===========================>..] - ETA: 1:54 - loss: 0.5481 - acc: 0.7289
616/639 [===========================>..] - ETA: 1:49 - loss: 0.5477 - acc: 0.7293
617/639 [===========================>..] - ETA: 1:45 - loss: 0.5474 - acc: 0.7293
618/639 [============================>.] - ETA: 1:40 - loss: 0.5472 - acc: 0.7294
619/639 [============================>.] - ETA: 1:35 - loss: 0.5477 - acc: 0.7290
620/639 [============================>.] - ETA: 1:30 - loss: 0.5476 - acc: 0.7290
621/639 [============================>.] - ETA: 1:25 - loss: 0.5470 - acc: 0.7295
622/639 [============================>.] - ETA: 1:21 - loss: 0.5466 - acc: 0.7299
623/639 [============================>.] - ETA: 1:16 - loss: 0.5462 - acc: 0.7299
624/639 [============================>.] - ETA: 1:11 - loss: 0.5462 - acc: 0.7296
625/639 [============================>.] - ETA: 1:06 - loss: 0.5467 - acc: 0.7292
626/639 [============================>.] - ETA: 1:02 - loss: 0.5468 - acc: 0.7292
627/639 [============================>.] - ETA: 57s - loss: 0.5474 - acc: 0.7289 
628/639 [============================>.] - ETA: 52s - loss: 0.5471 - acc: 0.7293
629/639 [============================>.] - ETA: 47s - loss: 0.5475 - acc: 0.7289
630/639 [============================>.] - ETA: 42s - loss: 0.5474 - acc: 0.7290
631/639 [============================>.] - ETA: 38s - loss: 0.5472 - acc: 0.7294
632/639 [============================>.] - ETA: 33s - loss: 0.5473 - acc: 0.7290
633/639 [============================>.] - ETA: 28s - loss: 0.5469 - acc: 0.7295
634/639 [============================>.] - ETA: 23s - loss: 0.5468 - acc: 0.7295
635/639 [============================>.] - ETA: 19s - loss: 0.5466 - acc: 0.7295
636/639 [============================>.] - ETA: 14s - loss: 0.5461 - acc: 0.7300
637/639 [============================>.] - ETA: 9s - loss: 0.5460 - acc: 0.7300 
638/639 [============================>.] - ETA: 4s - loss: 0.5456 - acc: 0.7300Traceback (most recent call last):
  File "train_single_stream_model.py", line 104, in <module>
    callbacks=[csv_logger, checkpointer])
  File "/home/ubuntu/anaconda3/envs/tensorflow_p36/lib/python3.6/site-packages/keras/legacy/interfaces.py", line 91, in wrapper
    return func(*args, **kwargs)
  File "/home/ubuntu/anaconda3/envs/tensorflow_p36/lib/python3.6/site-packages/keras/engine/training.py", line 1418, in fit_generator
    initial_epoch=initial_epoch)
  File "/home/ubuntu/anaconda3/envs/tensorflow_p36/lib/python3.6/site-packages/keras/engine/training_generator.py", line 234, in fit_generator
    workers=0)
  File "/home/ubuntu/anaconda3/envs/tensorflow_p36/lib/python3.6/site-packages/keras/legacy/interfaces.py", line 91, in wrapper
    return func(*args, **kwargs)
  File "/home/ubuntu/anaconda3/envs/tensorflow_p36/lib/python3.6/site-packages/keras/engine/training.py", line 1472, in evaluate_generator
    verbose=verbose)
  File "/home/ubuntu/anaconda3/envs/tensorflow_p36/lib/python3.6/site-packages/keras/engine/training_generator.py", line 330, in evaluate_generator
    generator_output = next(output_generator)
  File "/home/ubuntu/anaconda3/envs/tensorflow_p36/lib/python3.6/site-packages/keras/utils/data_utils.py", line 709, in get
    six.reraise(*sys.exc_info())
  File "/home/ubuntu/anaconda3/envs/tensorflow_p36/lib/python3.6/site-packages/six.py", line 693, in reraise
    raise value
  File "/home/ubuntu/anaconda3/envs/tensorflow_p36/lib/python3.6/site-packages/keras/utils/data_utils.py", line 685, in get
    inputs = self.queue.get(block=True).get()
  File "/home/ubuntu/anaconda3/envs/tensorflow_p36/lib/python3.6/multiprocessing/pool.py", line 644, in get
    raise self._value
  File "/home/ubuntu/anaconda3/envs/tensorflow_p36/lib/python3.6/multiprocessing/pool.py", line 119, in worker
    result = (True, func(*args, **kwds))
  File "/home/ubuntu/anaconda3/envs/tensorflow_p36/lib/python3.6/site-packages/keras/utils/data_utils.py", line 626, in next_sample
    return six.next(_SHARED_SEQUENCES[uid])
  File "/home/ubuntu/autohighlight/video_generator.py", line 60, in generate
    raise ValueError
ValueError
